<?xml version="1.0" encoding="UTF-8"?>
<!-- Generated by org.testng.reporters.JUnitReportReporter -->
<testsuite hostname="LAPTOP-CJ23D15G" name="RestAssuredTestCases.Rest_Assured_TestCase" tests="1" failures="0" timestamp="4 May 2021 04:28:05 GMT" time="3.814" errors="0">
  <testcase name="firsttest" time="3.814" classname="RestAssuredTestCases.Rest_Assured_TestCase"/>
</testsuite> <!-- RestAssuredTestCases.Rest_Assured_TestCase -->
