<?xml version="1.0" encoding="UTF-8"?>
<!-- Generated by org.testng.reporters.JUnitReportReporter -->
<testsuite hostname="LAPTOP-CJ23D15G" name="RestAssuredTestCases.day2_restassured" tests="2" failures="0" timestamp="5 May 2021 10:13:36 GMT" time="2.592" errors="0">
  <testcase name="secondtest" time="0.001" classname="RestAssuredTestCases.day2_restassured"/>
  <testcase name="Postmethodwithhash" time="2.591" classname="RestAssuredTestCases.day2_restassured"/>
</testsuite> <!-- RestAssuredTestCases.day2_restassured -->
