<?xml version="1.0" encoding="UTF-8"?>
<!-- Generated by org.testng.reporters.JUnitReportReporter -->
<testsuite hostname="LAPTOP-CJ23D15G" name="RestAssuredTestCases.RestTestCase" tests="1" failures="1" timestamp="25 May 2021 08:26:31 GMT" time="6.413" errors="0">
  <testcase name="testcase" time="6.413" classname="RestAssuredTestCases.RestTestCase">
    <failure type="java.lang.AssertionError" message="1 expectation failed.
JSON path name doesn&#039;t match.
Expected: (a collection containing &quot;oggie&quot; and a collection containing &quot;test&quot; and a collection containing &quot;fish&quot;)
  Actual: [Elephant, Cat, Giraffe, doggie, doggie, doggie, Ajax, fish, fish, Puff, doggie, doggie, doggie, doggie, fish, fish, doggie, siyaan, Buddy, Jacky, Jacky, Bruno, Jacky, Bruno, Tiger, Jacky, Bruno, Tiger, Lion, Jacky, Bruno, Tiger, Lion, Birds, Jacky, Bruno, Tiger, Lion, Birds, Elephant, Jacky, Bruno, Tiger, Lion, Birds, Elephant, Cat, Jacky, Bruno, Tiger, Lion, Birds, Elephant, Cat, Giraffe, fish, fish, fish, doggie, doggie, doggie, doggie, doggie, doggie, fish, fish, Puff, Jacky, Jacky, Bruno, Jacky, Bruno, Tiger, Jacky, Bruno, Tiger, Lion, Jacky, Bruno, Tiger, Lion, Birds, Jacky, Bruno, Tiger, Lion, Birds, Elephant, Jacky, Bruno, Tiger, Lion, Birds, Elephant, Cat, Jacky, Bruno, Tiger, Lion, Birds, Elephant, Cat, Giraffe, fish, fish, Jacky, Jacky, Bruno, Jacky, Bruno, Tiger, Jacky, Bruno, Tiger, Lion, Jacky, Bruno, Tiger, Lion, Birds, Jacky, Bruno, Tiger, Lion, test, Birds, test, test, Elephant, Jacky, Bruno, Tiger, Lion, Birds, Elephant, Cat, Jacky, Bruno, Tiger, Lion, Birds, Elephant, Cat, Giraffe, fish, Llama, fish, doggie, doggie, doggie, doggie, turtle, doggie, fish, doggie, doggie, doggie, turtle, fish, fish, doggie2, Puff, fish, fish, fish, fish, fish, doggie, doggie, doggie, doggie, doggie, doggie, doggie, doggie, doggie, fish, fish, Puff, fish, fish, doggie, fish, doggie, fish, doggie, doggie, doggie, doggie, doggie, doggie, fish, doggie, doggie, Jacky, Jacky, Bruno, Jacky, Bruno, Tiger, Jacky, Bruno, Tiger, Lion, Jacky, Bruno, Tiger, Lion, Birds, Jacky, Bruno, Tiger, Lion, Birds, Elephant, Jacky, Bruno, Tiger, Lion, Birds, Elephant, Cat, Jacky, Bruno, Tiger, Lion, Birds, Elephant, Cat, Giraffe, fish, fish, Puff, fish, fish, test, test, test, doggie2, fish, White elephant, fish, fish, doggie, doggie, doggie, doggie, doggie, doggie, doggie2, doggie2, fish, fish, Puff, fish, fish, UpdatedUUuftB, doggie, xyz, doggie, UpdatedPQVIfI, doggie, fish, fish, fish, doggie, doggie, doggie, doggie, doggie, doggie, doggie, Bruno, Jacky, Jacky, Bruno, Jacky, Bruno, Tiger, Jacky, Bruno, Tiger, Lion, Jacky, Bruno, Tiger, Lion, Birds, Jacky, Bruno, Tiger, Lion, Birds, Elephant, Jacky, Bruno, Tiger, Lion, Birds, Elephant, Cat, Jacky, Bruno, Tiger, Lion, Birds, Elephant, Cat, Giraffe, fish, fish, UpdatedeRInMw, Puff, fish, Mouse, fish, bestestBoy, doggie, Jacky, siyaan, Jacky, Bruno, Jacky, Bruno, Tiger, Jacky, Bruno, Tiger, Lion, Jacky, Bruno, Tiger, Lion, Birds, Jacky, Bruno, Tiger, Lion, Birds, Elephant, Jacky, Bruno, Tiger, Lion, Birds, Elephant, Cat, fish, doggie2, fish, fish, doggie, doggie, doggie, doggie, doggie, doggie, UpdatedIcagmO, fish, fish, Puff, UpdatedulMFri, swagger20, fish, fish, test, test, test, fish, doggie, fish, doggie, doggie, doggie, doggie, doggie, fish, doggie, doggie, doggie, pet3, fish, fish, Puff, pet3, fish, fish, pet3, doggie, fish, fish, fish, doggie, doggie, doggie, doggie, doggie, doggie, doggie, fish, fish, Postman, Puff, fish, fish, fish, UpdatedYkHDPK, fish, doggie, doggie, doggie, doggie, doggie, doggie, doggie, fish, fish, tex, doggie, fish, Puff, fish, fish, fish, Jacky, Jacky, Bruno, Jacky, Bruno, Tiger, Jacky, Bruno, Tiger, Lion, Jacky, Bruno, Tiger, Lion, Birds, Jacky, Bruno, Tiger, Lion, Birds, Elephant, Jacky, Bruno, Tiger, Lion, Birds, Elephant, Cat, test, test, test, pet3, doggie, fish, fish, fish, doggie, doggie, doggie, doggie, doggie, doggie, doggie20, doggie, doggie, doggie, fish, fish, doggie, Puff, doggie, doggie, fish, fish, doggie21, doggie22, doggie23, doggie24, doggie, doggie, fish, fish, fish, doggie, doggie, doggie, doggie, doggie, doggie, doggie, doggie, fish, fish, Puff, doggie, fish, fish, Jacky, Jacky, Bruno, Jacky, Bruno, Tiger, Jacky, Bruno, Tiger, Lion, Jacky, Bruno, Tiger, Lion, Birds, Jacky, Bruno, Tiger, Lion, Birds, Elephant, Jacky, Bruno, Tiger, Lion, Birds, Elephant, Cat, fish, fish, fish, doggie, doggie, doggie, doggie, doggie, doggie, doggie, tharun reddy, fish, fish, Puff, doggie, Jacky, Jacky, Bruno, Jacky, Bruno, Tiger, Jacky, Bruno, Tiger, Lion, Jacky, Bruno, fish, Tiger, Lion, Birds, Jacky, Bruno, fish, Tiger, Lion, Birds, Elephant, Jacky, Bruno, Tiger, Lion, Birds, Elephant, Cat, test, test, test, Cy Kosis, Rose Gardner, Wanda Rinn, Tom A. Toe, Jim Shorts, Sally Mander, Winnie Dipoo, I. P. Freely, Xavier Breath, Ima Hogg, Ray Zenz, Kristie Hannity, Hein Noon, Willie Maykit, Noah Lott, Rita Booke, Tish Hughes, Mark A. Roni, Doug Updegrave, Lily Pond, Leigh King, Dan Deline, Trina Corder, Doug Love Fitzhugh, Harry Chest, Nick L. Andime, Lowden Clear, Doug Graves, Cy Kosis, Dee Kay, Candy Kane, Ben O&#039;Drill, Stan Still, George Washington Sleptier, Herbie Voor, Dee Zaster, Robin DeCraydle, Lily Pond, Sue Yu, Kenny Penny, Noah Lott, Cy Burns, Myra Maines, Owen Moore, U. O. Money, Chad Terbocks, Cole Durkee, Rob A. Bank, M. Balmer, Ty Tannick, Barb Dwyer, Val Crow, null, Holly Wood, Trina Forest, Cammie Sole, Douglas Furr, Isadore Bell, Robin Andis Merryman, Weissnat, Xavier Breath, Theresa Brown, Ann Tartica, May O&#039;Nays, Marlon Fisher, Diane Toluvia, Jim Nasium, Rory Storm, Nida Lyte, Kenny Penny, Ben Crobbery, Frank N. Beans, Kitty Katz, Sue Case, Morgan U. Canhandle, Ann Chovie, Cal Efornia, Anna Sasin, Olive Green, fish, doggie, fish, doggie, doggie, doggie, doggie, doggie, doggie, fish, doggie, fish, fish, Puff, doggie, fish, fish, null, Jacky, Jacky, Bruno, Jacky, Bruno, Tiger, Jacky, Bruno, Tiger, Lion, Jacky, Bruno, Tiger, Lion, Birds, Jacky, Bruno, Tiger, Lion, Birds, Elephant, Jacky, Bruno, Tiger, Lion, Birds, Elephant, Cat, Rex, reddy, fish, fish, fish, doggie, doggie, doggie, doggie, doggie, doggie, fish, fish, Puff, fish, doggie4, fish, doggie, doggie, doggie, fish, , fish, doggie, doggie, doggie, doggie, , , doggie, doggie, fish, doggie, , , fat, , , , , test, doggie, fish, fish, doggie, doggie, Puff, doggie, doggie, fish, doggie, fish, test, test, test, Doug, doggie, fish, doggie, blackey, fish, fish, doggie, doggie, doggie, doggie, doggie, doggie, Doug, Doug, fish, fish, blackey, Puff, doggie, fish, fish]
">
      <![CDATA[java.lang.AssertionError: 1 expectation failed.
JSON path name doesn't match.
Expected: (a collection containing "oggie" and a collection containing "test" and a collection containing "fish")
  Actual: [Elephant, Cat, Giraffe, doggie, doggie, doggie, Ajax, fish, fish, Puff, doggie, doggie, doggie, doggie, fish, fish, doggie, siyaan, Buddy, Jacky, Jacky, Bruno, Jacky, Bruno, Tiger, Jacky, Bruno, Tiger, Lion, Jacky, Bruno, Tiger, Lion, Birds, Jacky, Bruno, Tiger, Lion, Birds, Elephant, Jacky, Bruno, Tiger, Lion, Birds, Elephant, Cat, Jacky, Bruno, Tiger, Lion, Birds, Elephant, Cat, Giraffe, fish, fish, fish, doggie, doggie, doggie, doggie, doggie, doggie, fish, fish, Puff, Jacky, Jacky, Bruno, Jacky, Bruno, Tiger, Jacky, Bruno, Tiger, Lion, Jacky, Bruno, Tiger, Lion, Birds, Jacky, Bruno, Tiger, Lion, Birds, Elephant, Jacky, Bruno, Tiger, Lion, Birds, Elephant, Cat, Jacky, Bruno, Tiger, Lion, Birds, Elephant, Cat, Giraffe, fish, fish, Jacky, Jacky, Bruno, Jacky, Bruno, Tiger, Jacky, Bruno, Tiger, Lion, Jacky, Bruno, Tiger, Lion, Birds, Jacky, Bruno, Tiger, Lion, test, Birds, test, test, Elephant, Jacky, Bruno, Tiger, Lion, Birds, Elephant, Cat, Jacky, Bruno, Tiger, Lion, Birds, Elephant, Cat, Giraffe, fish, Llama, fish, doggie, doggie, doggie, doggie, turtle, doggie, fish, doggie, doggie, doggie, turtle, fish, fish, doggie2, Puff, fish, fish, fish, fish, fish, doggie, doggie, doggie, doggie, doggie, doggie, doggie, doggie, doggie, fish, fish, Puff, fish, fish, doggie, fish, doggie, fish, doggie, doggie, doggie, doggie, doggie, doggie, fish, doggie, doggie, Jacky, Jacky, Bruno, Jacky, Bruno, Tiger, Jacky, Bruno, Tiger, Lion, Jacky, Bruno, Tiger, Lion, Birds, Jacky, Bruno, Tiger, Lion, Birds, Elephant, Jacky, Bruno, Tiger, Lion, Birds, Elephant, Cat, Jacky, Bruno, Tiger, Lion, Birds, Elephant, Cat, Giraffe, fish, fish, Puff, fish, fish, test, test, test, doggie2, fish, White elephant, fish, fish, doggie, doggie, doggie, doggie, doggie, doggie, doggie2, doggie2, fish, fish, Puff, fish, fish, UpdatedUUuftB, doggie, xyz, doggie, UpdatedPQVIfI, doggie, fish, fish, fish, doggie, doggie, doggie, doggie, doggie, doggie, doggie, Bruno, Jacky, Jacky, Bruno, Jacky, Bruno, Tiger, Jacky, Bruno, Tiger, Lion, Jacky, Bruno, Tiger, Lion, Birds, Jacky, Bruno, Tiger, Lion, Birds, Elephant, Jacky, Bruno, Tiger, Lion, Birds, Elephant, Cat, Jacky, Bruno, Tiger, Lion, Birds, Elephant, Cat, Giraffe, fish, fish, UpdatedeRInMw, Puff, fish, Mouse, fish, bestestBoy, doggie, Jacky, siyaan, Jacky, Bruno, Jacky, Bruno, Tiger, Jacky, Bruno, Tiger, Lion, Jacky, Bruno, Tiger, Lion, Birds, Jacky, Bruno, Tiger, Lion, Birds, Elephant, Jacky, Bruno, Tiger, Lion, Birds, Elephant, Cat, fish, doggie2, fish, fish, doggie, doggie, doggie, doggie, doggie, doggie, UpdatedIcagmO, fish, fish, Puff, UpdatedulMFri, swagger20, fish, fish, test, test, test, fish, doggie, fish, doggie, doggie, doggie, doggie, doggie, fish, doggie, doggie, doggie, pet3, fish, fish, Puff, pet3, fish, fish, pet3, doggie, fish, fish, fish, doggie, doggie, doggie, doggie, doggie, doggie, doggie, fish, fish, Postman, Puff, fish, fish, fish, UpdatedYkHDPK, fish, doggie, doggie, doggie, doggie, doggie, doggie, doggie, fish, fish, tex, doggie, fish, Puff, fish, fish, fish, Jacky, Jacky, Bruno, Jacky, Bruno, Tiger, Jacky, Bruno, Tiger, Lion, Jacky, Bruno, Tiger, Lion, Birds, Jacky, Bruno, Tiger, Lion, Birds, Elephant, Jacky, Bruno, Tiger, Lion, Birds, Elephant, Cat, test, test, test, pet3, doggie, fish, fish, fish, doggie, doggie, doggie, doggie, doggie, doggie, doggie20, doggie, doggie, doggie, fish, fish, doggie, Puff, doggie, doggie, fish, fish, doggie21, doggie22, doggie23, doggie24, doggie, doggie, fish, fish, fish, doggie, doggie, doggie, doggie, doggie, doggie, doggie, doggie, fish, fish, Puff, doggie, fish, fish, Jacky, Jacky, Bruno, Jacky, Bruno, Tiger, Jacky, Bruno, Tiger, Lion, Jacky, Bruno, Tiger, Lion, Birds, Jacky, Bruno, Tiger, Lion, Birds, Elephant, Jacky, Bruno, Tiger, Lion, Birds, Elephant, Cat, fish, fish, fish, doggie, doggie, doggie, doggie, doggie, doggie, doggie, tharun reddy, fish, fish, Puff, doggie, Jacky, Jacky, Bruno, Jacky, Bruno, Tiger, Jacky, Bruno, Tiger, Lion, Jacky, Bruno, fish, Tiger, Lion, Birds, Jacky, Bruno, fish, Tiger, Lion, Birds, Elephant, Jacky, Bruno, Tiger, Lion, Birds, Elephant, Cat, test, test, test, Cy Kosis, Rose Gardner, Wanda Rinn, Tom A. Toe, Jim Shorts, Sally Mander, Winnie Dipoo, I. P. Freely, Xavier Breath, Ima Hogg, Ray Zenz, Kristie Hannity, Hein Noon, Willie Maykit, Noah Lott, Rita Booke, Tish Hughes, Mark A. Roni, Doug Updegrave, Lily Pond, Leigh King, Dan Deline, Trina Corder, Doug Love Fitzhugh, Harry Chest, Nick L. Andime, Lowden Clear, Doug Graves, Cy Kosis, Dee Kay, Candy Kane, Ben O'Drill, Stan Still, George Washington Sleptier, Herbie Voor, Dee Zaster, Robin DeCraydle, Lily Pond, Sue Yu, Kenny Penny, Noah Lott, Cy Burns, Myra Maines, Owen Moore, U. O. Money, Chad Terbocks, Cole Durkee, Rob A. Bank, M. Balmer, Ty Tannick, Barb Dwyer, Val Crow, null, Holly Wood, Trina Forest, Cammie Sole, Douglas Furr, Isadore Bell, Robin Andis Merryman, Weissnat, Xavier Breath, Theresa Brown, Ann Tartica, May O'Nays, Marlon Fisher, Diane Toluvia, Jim Nasium, Rory Storm, Nida Lyte, Kenny Penny, Ben Crobbery, Frank N. Beans, Kitty Katz, Sue Case, Morgan U. Canhandle, Ann Chovie, Cal Efornia, Anna Sasin, Olive Green, fish, doggie, fish, doggie, doggie, doggie, doggie, doggie, doggie, fish, doggie, fish, fish, Puff, doggie, fish, fish, null, Jacky, Jacky, Bruno, Jacky, Bruno, Tiger, Jacky, Bruno, Tiger, Lion, Jacky, Bruno, Tiger, Lion, Birds, Jacky, Bruno, Tiger, Lion, Birds, Elephant, Jacky, Bruno, Tiger, Lion, Birds, Elephant, Cat, Rex, reddy, fish, fish, fish, doggie, doggie, doggie, doggie, doggie, doggie, fish, fish, Puff, fish, doggie4, fish, doggie, doggie, doggie, fish, , fish, doggie, doggie, doggie, doggie, , , doggie, doggie, fish, doggie, , , fat, , , , , test, doggie, fish, fish, doggie, doggie, Puff, doggie, doggie, fish, doggie, fish, test, test, test, Doug, doggie, fish, doggie, blackey, fish, fish, doggie, doggie, doggie, doggie, doggie, doggie, Doug, Doug, fish, fish, blackey, Puff, doggie, fish, fish]

	at sun.reflect.NativeConstructorAccessorImpl.newInstance0(Native Method)
	at sun.reflect.NativeConstructorAccessorImpl.newInstance(Unknown Source)
	at sun.reflect.DelegatingConstructorAccessorImpl.newInstance(Unknown Source)
	at java.lang.reflect.Constructor.newInstance(Unknown Source)
	at org.codehaus.groovy.reflection.CachedConstructor.invoke(CachedConstructor.java:72)
	at org.codehaus.groovy.reflection.CachedConstructor.doConstructorInvoke(CachedConstructor.java:59)
	at org.codehaus.groovy.runtime.callsite.ConstructorSite$ConstructorSiteNoUnwrap.callConstructor(ConstructorSite.java:84)
	at org.codehaus.groovy.runtime.callsite.CallSiteArray.defaultCallConstructor(CallSiteArray.java:59)
	at org.codehaus.groovy.runtime.callsite.AbstractCallSite.callConstructor(AbstractCallSite.java:263)
	at org.codehaus.groovy.runtime.callsite.AbstractCallSite.callConstructor(AbstractCallSite.java:277)
	at io.restassured.internal.ResponseSpecificationImpl$HamcrestAssertionClosure.validate(ResponseSpecificationImpl.groovy:493)
	at io.restassured.internal.ResponseSpecificationImpl$HamcrestAssertionClosure$validate$1.call(Unknown Source)
	at org.codehaus.groovy.runtime.callsite.CallSiteArray.defaultCall(CallSiteArray.java:47)
	at org.codehaus.groovy.runtime.callsite.AbstractCallSite.call(AbstractCallSite.java:125)
	at org.codehaus.groovy.runtime.callsite.AbstractCallSite.call(AbstractCallSite.java:139)
	at io.restassured.internal.ResponseSpecificationImpl.validateResponseIfRequired(ResponseSpecificationImpl.groovy:674)
	at sun.reflect.NativeMethodAccessorImpl.invoke0(Native Method)
	at sun.reflect.NativeMethodAccessorImpl.invoke(Unknown Source)
	at sun.reflect.DelegatingMethodAccessorImpl.invoke(Unknown Source)
	at java.lang.reflect.Method.invoke(Unknown Source)
	at org.codehaus.groovy.runtime.callsite.PlainObjectMetaMethodSite.doInvoke(PlainObjectMetaMethodSite.java:43)
	at org.codehaus.groovy.runtime.callsite.PogoMetaMethodSite$PogoCachedMethodSiteNoUnwrapNoCoerce.invoke(PogoMetaMethodSite.java:193)
	at org.codehaus.groovy.runtime.callsite.PogoMetaMethodSite.callCurrent(PogoMetaMethodSite.java:61)
	at org.codehaus.groovy.runtime.callsite.CallSiteArray.defaultCallCurrent(CallSiteArray.java:51)
	at org.codehaus.groovy.runtime.callsite.AbstractCallSite.callCurrent(AbstractCallSite.java:171)
	at org.codehaus.groovy.runtime.callsite.AbstractCallSite.callCurrent(AbstractCallSite.java:185)
	at io.restassured.internal.ResponseSpecificationImpl.body(ResponseSpecificationImpl.groovy:261)
	at io.restassured.specification.ResponseSpecification$body$0.callCurrent(Unknown Source)
	at org.codehaus.groovy.runtime.callsite.CallSiteArray.defaultCallCurrent(CallSiteArray.java:51)
	at org.codehaus.groovy.runtime.callsite.AbstractCallSite.callCurrent(AbstractCallSite.java:171)
	at org.codehaus.groovy.runtime.callsite.AbstractCallSite.callCurrent(AbstractCallSite.java:212)
	at io.restassured.internal.ResponseSpecificationImpl.body(ResponseSpecificationImpl.groovy:108)
	at io.restassured.internal.ValidatableResponseOptionsImpl.body(ValidatableResponseOptionsImpl.java:244)
	at io.restassured.internal.ValidatableResponseImpl.super$2$body(ValidatableResponseImpl.groovy)
	at sun.reflect.NativeMethodAccessorImpl.invoke0(Native Method)
	at sun.reflect.NativeMethodAccessorImpl.invoke(Unknown Source)
	at sun.reflect.DelegatingMethodAccessorImpl.invoke(Unknown Source)
	at java.lang.reflect.Method.invoke(Unknown Source)
	at org.codehaus.groovy.reflection.CachedMethod.invoke(CachedMethod.java:107)
	at groovy.lang.MetaMethod.doMethodInvoke(MetaMethod.java:323)
	at groovy.lang.MetaClassImpl.invokeMethod(MetaClassImpl.java:1262)
	at org.codehaus.groovy.runtime.ScriptBytecodeAdapter.invokeMethodOnSuperN(ScriptBytecodeAdapter.java:144)
	at io.restassured.internal.ValidatableResponseImpl.body(ValidatableResponseImpl.groovy:298)
	at io.restassured.internal.ValidatableResponseImpl.body(ValidatableResponseImpl.groovy)
	at RestAssuredTestCases.RestTestCase.testcase(RestTestCase.java:19)
	at sun.reflect.NativeMethodAccessorImpl.invoke0(Native Method)
	at sun.reflect.NativeMethodAccessorImpl.invoke(Unknown Source)
	at sun.reflect.DelegatingMethodAccessorImpl.invoke(Unknown Source)
	at java.lang.reflect.Method.invoke(Unknown Source)
	at org.testng.internal.MethodInvocationHelper.invokeMethod(MethodInvocationHelper.java:86)
	at org.testng.internal.Invoker.invokeMethod(Invoker.java:645)
	at org.testng.internal.Invoker.invokeTestMethod(Invoker.java:822)
	at org.testng.internal.Invoker.invokeTestMethods(Invoker.java:1130)
	at org.testng.internal.TestMethodWorker.invokeTestMethods(TestMethodWorker.java:129)
	at org.testng.internal.TestMethodWorker.run(TestMethodWorker.java:112)
	at org.testng.TestRunner.privateRun(TestRunner.java:782)
	at org.testng.TestRunner.run(TestRunner.java:632)
	at org.testng.SuiteRunner.runTest(SuiteRunner.java:366)
	at org.testng.SuiteRunner.runSequentially(SuiteRunner.java:361)
	at org.testng.SuiteRunner.privateRun(SuiteRunner.java:319)
	at org.testng.SuiteRunner.run(SuiteRunner.java:268)
	at org.testng.SuiteRunnerWorker.runSuite(SuiteRunnerWorker.java:52)
	at org.testng.SuiteRunnerWorker.run(SuiteRunnerWorker.java:86)
	at org.testng.TestNG.runSuitesSequentially(TestNG.java:1244)
	at org.testng.TestNG.runSuitesLocally(TestNG.java:1169)
	at org.testng.TestNG.run(TestNG.java:1064)
	at org.testng.remote.RemoteTestNG.run(RemoteTestNG.java:113)
	at org.testng.remote.RemoteTestNG.initAndRun(RemoteTestNG.java:206)
	at org.testng.remote.RemoteTestNG.main(RemoteTestNG.java:177)
]]>
    </failure>
  </testcase> <!-- testcase -->
</testsuite> <!-- RestAssuredTestCases.RestTestCase -->
