<?xml version="1.0" encoding="UTF-8"?>
<!-- Generated by org.testng.reporters.JUnitReportReporter -->
<testsuite hostname="LAPTOP-CJ23D15G" name="RestAssuredTestCases.RestAssuredBasics" tests="1" failures="0" timestamp="28 May 2021 08:00:58 GMT" time="3.169" errors="0">
  <testcase name="soapexample" time="3.169" classname="RestAssuredTestCases.RestAssuredBasics"/>
</testsuite> <!-- RestAssuredTestCases.RestAssuredBasics -->
